Started GET "/" for ::1 at 2021-01-15 10:02:45 -0600
  [1m[35m (6.7ms)[0m  [1m[34mSELECT sqlite_version(*)[0m
Processing by Rails::WelcomeController#index as HTML
  Rendering /home/mily/.rbenv/versions/3.0.0/lib/ruby/gems/3.0.0/gems/railties-6.1.1/lib/rails/templates/rails/welcome/index.html.erb
  Rendered /home/mily/.rbenv/versions/3.0.0/lib/ruby/gems/3.0.0/gems/railties-6.1.1/lib/rails/templates/rails/welcome/index.html.erb (Duration: 49.1ms | Allocations: 522)
Completed 200 OK in 114ms (Views: 70.4ms | ActiveRecord: 0.0ms | Allocations: 4180)


Started GET "/" for ::1 at 2021-01-15 10:12:41 -0600
  [1m[35m (1.3ms)[0m  [1m[34mSELECT sqlite_version(*)[0m
Processing by Rails::WelcomeController#index as HTML
  Rendering /home/mily/.rbenv/versions/3.0.0/lib/ruby/gems/3.0.0/gems/railties-6.1.1/lib/rails/templates/rails/welcome/index.html.erb
  Rendered /home/mily/.rbenv/versions/3.0.0/lib/ruby/gems/3.0.0/gems/railties-6.1.1/lib/rails/templates/rails/welcome/index.html.erb (Duration: 13.0ms | Allocations: 419)
Completed 200 OK in 34ms (Views: 18.4ms | ActiveRecord: 0.0ms | Allocations: 3090)


Started GET "/" for ::1 at 2021-01-15 10:13:47 -0600
Processing by Rails::WelcomeController#index as HTML
  Rendering /home/mily/.rbenv/versions/3.0.0/lib/ruby/gems/3.0.0/gems/railties-6.1.1/lib/rails/templates/rails/welcome/index.html.erb
  Rendered /home/mily/.rbenv/versions/3.0.0/lib/ruby/gems/3.0.0/gems/railties-6.1.1/lib/rails/templates/rails/welcome/index.html.erb (Duration: 19.0ms | Allocations: 223)
Completed 200 OK in 39ms (Views: 30.7ms | ActiveRecord: 0.0ms | Allocations: 957)


Started GET "/articles" for 127.0.0.1 at 2021-01-15 10:14:51 -0600
Processing by ArticlesController#index as HTML
  Rendering layout layouts/application.html.erb
  Rendering articles/index.html.erb within layouts/application
  Rendered articles/index.html.erb within layouts/application (Duration: 1.2ms | Allocations: 111)
[Webpacker] Compiling...
[Webpacker] Compiled all packs in /home/mily/Desktop/Microverse-Projects/RoR Module/blog_app/BlogApp/blog/public/packs
[Webpacker] Hash: 415a948d492e21802f43
Version: webpack 4.46.0
Time: 7855ms
Built at: 01/15/2021 10:15:06 AM
                                     Asset       Size       Chunks                         Chunk Names
    js/application-d5a3c3b4dce84b5eb605.js    125 KiB  application  [emitted] [immutable]  application
js/application-d5a3c3b4dce84b5eb605.js.map    139 KiB  application  [emitted] [dev]        application
                             manifest.json  364 bytes               [emitted]              
Entrypoint application = js/application-d5a3c3b4dce84b5eb605.js js/application-d5a3c3b4dce84b5eb605.js.map
[./app/javascript/channels sync recursive _channel\.js$] ./app/javascript/channels sync _channel\.js$ 160 bytes {application} [built]
[./app/javascript/channels/index.js] 211 bytes {application} [built]
[./app/javascript/packs/application.js] 492 bytes {application} [built]
[./node_modules/webpack/buildin/module.js] (webpack)/buildin/module.js 552 bytes {application} [built]
    + 3 hidden modules

  Rendered layout layouts/application.html.erb (Duration: 14253.2ms | Allocations: 14727)
Completed 200 OK in 14749ms (Views: 14745.8ms | ActiveRecord: 0.0ms | Allocations: 15948)


Started GET "/" for 127.0.0.1 at 2021-01-15 10:18:59 -0600
Processing by ArticlesController#index as HTML
  Rendering layout layouts/application.html.erb
  Rendering articles/index.html.erb within layouts/application
  Rendered articles/index.html.erb within layouts/application (Duration: 0.2ms | Allocations: 43)
[Webpacker] Everything's up-to-date. Nothing to do
  Rendered layout layouts/application.html.erb (Duration: 67.1ms | Allocations: 3083)
Completed 200 OK in 89ms (Views: 69.8ms | Allocations: 4207)


  [1m[35m (1.6ms)[0m  [1m[34mSELECT sqlite_version(*)[0m
  [1m[35m (962.5ms)[0m  [1m[35mCREATE TABLE "schema_migrations" ("version" varchar NOT NULL PRIMARY KEY)[0m
  [1m[35m (152.3ms)[0m  [1m[35mCREATE TABLE "ar_internal_metadata" ("key" varchar NOT NULL PRIMARY KEY, "value" varchar, "created_at" datetime(6) NOT NULL, "updated_at" datetime(6) NOT NULL)[0m
  [1m[35m (0.6ms)[0m  [1m[34mSELECT "schema_migrations"."version" FROM "schema_migrations" ORDER BY "schema_migrations"."version" ASC[0m
Migrating to CreateArticles (20210115162234)
  [1m[36mTRANSACTION (0.5ms)[0m  [1m[36mbegin transaction[0m
  [1m[35m (8.4ms)[0m  [1m[35mCREATE TABLE "articles" ("id" integer PRIMARY KEY AUTOINCREMENT NOT NULL, "title" varchar, "body" text, "created_at" datetime(6) NOT NULL, "updated_at" datetime(6) NOT NULL)[0m
  [1m[36mActiveRecord::SchemaMigration Create (6.5ms)[0m  [1m[32mINSERT INTO "schema_migrations" ("version") VALUES (?)[0m  [["version", "20210115162234"]]
  [1m[36mTRANSACTION (105.7ms)[0m  [1m[36mcommit transaction[0m
  [1m[36mActiveRecord::InternalMetadata Load (0.8ms)[0m  [1m[34mSELECT "ar_internal_metadata".* FROM "ar_internal_metadata" WHERE "ar_internal_metadata"."key" = ? LIMIT ?[0m  [["key", "environment"], ["LIMIT", 1]]
  [1m[36mTRANSACTION (0.3ms)[0m  [1m[36mbegin transaction[0m
  [1m[36mActiveRecord::InternalMetadata Create (1.8ms)[0m  [1m[32mINSERT INTO "ar_internal_metadata" ("key", "value", "created_at", "updated_at") VALUES (?, ?, ?, ?)[0m  [["key", "environment"], ["value", "development"], ["created_at", "2021-01-15 16:28:55.794581"], ["updated_at", "2021-01-15 16:28:55.794581"]]
  [1m[36mTRANSACTION (76.2ms)[0m  [1m[36mcommit transaction[0m
  [1m[35m (0.3ms)[0m  [1m[34mSELECT sqlite_version(*)[0m
  [1m[35m (0.5ms)[0m  [1m[34mSELECT "schema_migrations"."version" FROM "schema_migrations" ORDER BY "schema_migrations"."version" ASC[0m
  [1m[35m (1.6ms)[0m  [1m[34mSELECT sqlite_version(*)[0m
  [1m[36mTRANSACTION (0.4ms)[0m  [1m[36mbegin transaction[0m
  [1m[36mArticle Create (0.8ms)[0m  [1m[32mINSERT INTO "articles" ("title", "body", "created_at", "updated_at") VALUES (?, ?, ?, ?)[0m  [["title", "Hello Rails"], ["body", "I am on Rails!"], ["created_at", "2021-01-15 16:30:48.559698"], ["updated_at", "2021-01-15 16:30:48.559698"]]
  [1m[36mTRANSACTION (705.3ms)[0m  [1m[36mcommit transaction[0m
  [1m[36mArticle Load (0.6ms)[0m  [1m[34mSELECT "articles".* FROM "articles" WHERE "articles"."id" = ? LIMIT ?[0m  [["id", 1], ["LIMIT", 1]]
  [1m[36mArticle Load (0.6ms)[0m  [1m[34mSELECT "articles".* FROM "articles" /* loading for inspect */ LIMIT ?[0m  [["LIMIT", 11]]
Started GET "/" for 127.0.0.1 at 2021-01-15 10:39:58 -0600
  [1m[35m (1.9ms)[0m  [1m[34mSELECT sqlite_version(*)[0m
  [1m[35m (0.8ms)[0m  [1m[34mSELECT "schema_migrations"."version" FROM "schema_migrations" ORDER BY "schema_migrations"."version" ASC[0m
Processing by ArticlesController#index as HTML
  Rendering layout layouts/application.html.erb
  Rendering articles/index.html.erb within layouts/application
  [1m[36mArticle Load (0.6ms)[0m  [1m[34mSELECT "articles".* FROM "articles"[0m
  ↳ app/views/articles/index.html.erb:4
  Rendered articles/index.html.erb within layouts/application (Duration: 33.8ms | Allocations: 4205)
[Webpacker] Everything's up-to-date. Nothing to do
  Rendered layout layouts/application.html.erb (Duration: 70.5ms | Allocations: 9861)
Completed 200 OK in 110ms (Views: 77.4ms | ActiveRecord: 3.0ms | Allocations: 13479)


Started GET "/" for ::1 at 2021-01-15 12:14:24 -0500
  [1m[35m (1.5ms)[0m  [1m[34mSELECT sqlite_version(*)[0m
  [1m[35m (0.1ms)[0m  [1m[34mSELECT "schema_migrations"."version" FROM "schema_migrations" ORDER BY "schema_migrations"."version" ASC[0m
Processing by ArticlesController#index as HTML
  Rendering layout layouts/application.html.erb
  Rendering articles/index.html.erb within layouts/application
  [1m[36mArticle Load (0.2ms)[0m  [1m[34mSELECT "articles".* FROM "articles"[0m
  ↳ app/views/articles/index.html.erb:4
  Rendered articles/index.html.erb within layouts/application (Duration: 10.2ms | Allocations: 3996)
[Webpacker] Everything's up-to-date. Nothing to do
  Rendered layout layouts/application.html.erb (Duration: 60.8ms | Allocations: 16381)
Completed 200 OK in 127ms (Views: 81.7ms | ActiveRecord: 0.8ms | Allocations: 20235)


Started GET "/" for ::1 at 2021-01-15 12:21:46 -0500
Processing by ArticlesController#index as HTML
  Rendering layout layouts/application.html.erb
  Rendering articles/index.html.erb within layouts/application
  [1m[35m (0.1ms)[0m  [1m[34mSELECT sqlite_version(*)[0m
  ↳ app/views/articles/index.html.erb:4
  [1m[36mArticle Load (0.2ms)[0m  [1m[34mSELECT "articles".* FROM "articles"[0m
  ↳ app/views/articles/index.html.erb:4
  Rendered articles/index.html.erb within layouts/application (Duration: 11.0ms | Allocations: 3563)
[Webpacker] Everything's up-to-date. Nothing to do
  Rendered layout layouts/application.html.erb (Duration: 16.2ms | Allocations: 6703)
Completed 200 OK in 22ms (Views: 18.3ms | ActiveRecord: 0.6ms | Allocations: 8046)


Started GET "/" for ::1 at 2021-01-15 12:21:54 -0500
Processing by ArticlesController#index as HTML
  Rendering layout layouts/application.html.erb
  Rendering articles/index.html.erb within layouts/application
  [1m[36mArticle Load (0.3ms)[0m  [1m[34mSELECT "articles".* FROM "articles"[0m
  ↳ app/views/articles/index.html.erb:4
  Rendered articles/index.html.erb within layouts/application (Duration: 5.9ms | Allocations: 841)
[Webpacker] Everything's up-to-date. Nothing to do
  Rendered layout layouts/application.html.erb (Duration: 17.2ms | Allocations: 3995)
Completed 200 OK in 26ms (Views: 21.7ms | ActiveRecord: 0.3ms | Allocations: 5110)


Started GET "/articles/1" for ::1 at 2021-01-15 12:21:55 -0500
Processing by ArticlesController#show as HTML
  Parameters: {"id"=>"1"}
Completed 500 Internal Server Error in 8ms (ActiveRecord: 0.0ms | Allocations: 2990)


  
NameError (undefined local variable or method `aparms' for #<ArticlesController:0x00000000008cc8>
Did you mean?  params):
  
app/controllers/articles_controller.rb:7:in `show'
Started GET "/articles/1" for ::1 at 2021-01-15 12:22:05 -0500
Processing by ArticlesController#show as HTML
  Parameters: {"id"=>"1"}
Completed 500 Internal Server Error in 7ms (ActiveRecord: 0.0ms | Allocations: 3044)


  
NameError (undefined local variable or method `aparms' for #<ArticlesController:0x00000000009268>
Did you mean?  params):
  
app/controllers/articles_controller.rb:7:in `show'
Started GET "/articles/1" for ::1 at 2021-01-15 12:22:40 -0500
Processing by ArticlesController#show as HTML
  Parameters: {"id"=>"1"}
  [1m[35m (0.1ms)[0m  [1m[34mSELECT sqlite_version(*)[0m
  ↳ app/controllers/articles_controller.rb:7:in `show'
  [1m[36mArticle Load (0.4ms)[0m  [1m[34mSELECT "articles".* FROM "articles" WHERE "articles"."id" = ? LIMIT ?[0m  [["id", 1], ["LIMIT", 1]]
  ↳ app/controllers/articles_controller.rb:7:in `show'
  Rendering layout layouts/application.html.erb
  Rendering articles/show.html.erb within layouts/application
  Rendered articles/show.html.erb within layouts/application (Duration: 0.6ms | Allocations: 147)
[Webpacker] Everything's up-to-date. Nothing to do
  Rendered layout layouts/application.html.erb (Duration: 7.2ms | Allocations: 3407)
Completed 200 OK in 35ms (Views: 9.0ms | ActiveRecord: 2.2ms | Allocations: 9230)


Started GET "/" for ::1 at 2021-01-15 12:22:42 -0500
Processing by ArticlesController#index as HTML
  Rendering layout layouts/application.html.erb
  Rendering articles/index.html.erb within layouts/application
  [1m[36mArticle Load (0.2ms)[0m  [1m[34mSELECT "articles".* FROM "articles"[0m
  ↳ app/views/articles/index.html.erb:4
  Rendered articles/index.html.erb within layouts/application (Duration: 3.8ms | Allocations: 895)
[Webpacker] Everything's up-to-date. Nothing to do
  Rendered layout layouts/application.html.erb (Duration: 14.7ms | Allocations: 4492)
Completed 200 OK in 17ms (Views: 15.4ms | ActiveRecord: 0.2ms | Allocations: 5022)


Started GET "/articles/new" for ::1 at 2021-01-15 12:40:21 -0500
Processing by ArticlesController#new as HTML
  [1m[35m (0.2ms)[0m  [1m[34mSELECT sqlite_version(*)[0m
  ↳ app/controllers/articles_controller.rb:11:in `new'
  Rendering layout layouts/application.html.erb
  Rendering articles/new.html.erb within layouts/application
  Rendered articles/new.html.erb within layouts/application (Duration: 225.3ms | Allocations: 4382)
[Webpacker] Everything's up-to-date. Nothing to do
  Rendered layout layouts/application.html.erb (Duration: 247.4ms | Allocations: 7501)
Completed 200 OK in 264ms (Views: 251.3ms | ActiveRecord: 0.5ms | Allocations: 11620)


Started POST "/articles" for ::1 at 2021-01-15 12:41:12 -0500
Processing by ArticlesController#create as HTML
  Parameters: {"authenticity_token"=>"[FILTERED]", "article"=>{"title"=>"asasasa", "body"=>"adfsfgadf"}, "commit"=>"Create Article"}
  Rendering layout layouts/application.html.erb
  Rendering articles/new.html.erb within layouts/application
  Rendered articles/new.html.erb within layouts/application (Duration: 4.1ms | Allocations: 1690)
[Webpacker] Everything's up-to-date. Nothing to do
  Rendered layout layouts/application.html.erb (Duration: 9.3ms | Allocations: 4596)
Completed 200 OK in 16ms (Views: 10.8ms | ActiveRecord: 0.0ms | Allocations: 5711)


Started POST "/articles" for ::1 at 2021-01-15 12:41:31 -0500
Processing by ArticlesController#create as HTML
  Parameters: {"authenticity_token"=>"[FILTERED]", "article"=>{"title"=>"asasasa", "body"=>"adfsfgadfwsdfghjl"}, "commit"=>"Create Article"}
  [1m[36mTRANSACTION (0.4ms)[0m  [1m[36mbegin transaction[0m
  ↳ app/controllers/articles_controller.rb:17:in `create'
  [1m[36mArticle Create (1.1ms)[0m  [1m[32mINSERT INTO "articles" ("title", "body", "created_at", "updated_at") VALUES (?, ?, ?, ?)[0m  [["title", "asasasa"], ["body", "adfsfgadfwsdfghjl"], ["created_at", "2021-01-15 17:41:31.426482"], ["updated_at", "2021-01-15 17:41:31.426482"]]
  ↳ app/controllers/articles_controller.rb:17:in `create'
  [1m[36mTRANSACTION (80.2ms)[0m  [1m[36mcommit transaction[0m
  ↳ app/controllers/articles_controller.rb:17:in `create'
Redirected to http://localhost:3000/articles/2
Completed 302 Found in 101ms (ActiveRecord: 81.7ms | Allocations: 4754)


Started GET "/articles/2" for ::1 at 2021-01-15 12:41:31 -0500
Processing by ArticlesController#show as HTML
  Parameters: {"id"=>"2"}
  [1m[36mArticle Load (0.2ms)[0m  [1m[34mSELECT "articles".* FROM "articles" WHERE "articles"."id" = ? LIMIT ?[0m  [["id", 2], ["LIMIT", 1]]
  ↳ app/controllers/articles_controller.rb:7:in `show'
  Rendering layout layouts/application.html.erb
  Rendering articles/show.html.erb within layouts/application
  Rendered articles/show.html.erb within layouts/application (Duration: 0.5ms | Allocations: 142)
[Webpacker] Everything's up-to-date. Nothing to do
  Rendered layout layouts/application.html.erb (Duration: 6.2ms | Allocations: 3458)
Completed 200 OK in 10ms (Views: 6.9ms | ActiveRecord: 0.2ms | Allocations: 4623)


Started GET "/articles" for ::1 at 2021-01-15 12:41:40 -0500
Processing by ArticlesController#index as HTML
  Rendering layout layouts/application.html.erb
  Rendering articles/index.html.erb within layouts/application
  [1m[36mArticle Load (0.3ms)[0m  [1m[34mSELECT "articles".* FROM "articles"[0m
  ↳ app/views/articles/index.html.erb:4
  Rendered articles/index.html.erb within layouts/application (Duration: 6.0ms | Allocations: 907)
[Webpacker] Everything's up-to-date. Nothing to do
  Rendered layout layouts/application.html.erb (Duration: 11.4ms | Allocations: 3877)
Completed 200 OK in 14ms (Views: 12.0ms | ActiveRecord: 0.3ms | Allocations: 4391)


Started GET "/articles/1" for ::1 at 2021-01-15 12:41:44 -0500
Processing by ArticlesController#show as HTML
  Parameters: {"id"=>"1"}
  [1m[36mArticle Load (0.1ms)[0m  [1m[34mSELECT "articles".* FROM "articles" WHERE "articles"."id" = ? LIMIT ?[0m  [["id", 1], ["LIMIT", 1]]
  ↳ app/controllers/articles_controller.rb:7:in `show'
  Rendering layout layouts/application.html.erb
  Rendering articles/show.html.erb within layouts/application
  Rendered articles/show.html.erb within layouts/application (Duration: 0.2ms | Allocations: 42)
[Webpacker] Everything's up-to-date. Nothing to do
  Rendered layout layouts/application.html.erb (Duration: 6.0ms | Allocations: 3010)
Completed 200 OK in 10ms (Views: 7.0ms | ActiveRecord: 0.1ms | Allocations: 3965)


Started GET "/articles/2" for ::1 at 2021-01-15 12:41:46 -0500
Processing by ArticlesController#show as HTML
  Parameters: {"id"=>"2"}
  [1m[36mArticle Load (0.1ms)[0m  [1m[34mSELECT "articles".* FROM "articles" WHERE "articles"."id" = ? LIMIT ?[0m  [["id", 2], ["LIMIT", 1]]
  ↳ app/controllers/articles_controller.rb:7:in `show'
  Rendering layout layouts/application.html.erb
  Rendering articles/show.html.erb within layouts/application
  Rendered articles/show.html.erb within layouts/application (Duration: 0.2ms | Allocations: 42)
[Webpacker] Everything's up-to-date. Nothing to do
  Rendered layout layouts/application.html.erb (Duration: 8.9ms | Allocations: 3618)
Completed 200 OK in 12ms (Views: 9.6ms | ActiveRecord: 0.1ms | Allocations: 4535)


Started GET "/" for ::1 at 2021-01-15 12:42:50 -0500
Processing by ArticlesController#index as HTML
  Rendering layout layouts/application.html.erb
  Rendering articles/index.html.erb within layouts/application
  [1m[36mArticle Load (0.4ms)[0m  [1m[34mSELECT "articles".* FROM "articles"[0m
  ↳ app/views/articles/index.html.erb:4
  Rendered articles/index.html.erb within layouts/application (Duration: 9.9ms | Allocations: 927)
[Webpacker] Everything's up-to-date. Nothing to do
  Rendered layout layouts/application.html.erb (Duration: 24.6ms | Allocations: 4067)
Completed 200 OK in 34ms (Views: 29.8ms | ActiveRecord: 0.4ms | Allocations: 5165)


Started GET "/articles/new" for ::1 at 2021-01-15 12:42:53 -0500
Processing by ArticlesController#new as HTML
  Rendering layout layouts/application.html.erb
  Rendering articles/new.html.erb within layouts/application
  Rendered articles/new.html.erb within layouts/application (Duration: 4.7ms | Allocations: 977)
[Webpacker] Everything's up-to-date. Nothing to do
  Rendered layout layouts/application.html.erb (Duration: 15.2ms | Allocations: 4467)
Completed 200 OK in 18ms (Views: 16.3ms | ActiveRecord: 0.0ms | Allocations: 4997)


Started GET "/" for ::1 at 2021-01-15 15:42:48 -0500
Processing by ArticlesController#index as HTML
  Rendering layout layouts/application.html.erb
  Rendering articles/index.html.erb within layouts/application
  [1m[35m (0.5ms)[0m  [1m[34mSELECT sqlite_version(*)[0m
  ↳ app/views/articles/index.html.erb:4
  [1m[36mArticle Load (0.4ms)[0m  [1m[34mSELECT "articles".* FROM "articles"[0m
  ↳ app/views/articles/index.html.erb:4
  Rendered articles/index.html.erb within layouts/application (Duration: 18.9ms | Allocations: 3713)
[Webpacker] Everything's up-to-date. Nothing to do
  Rendered layout layouts/application.html.erb (Duration: 28.1ms | Allocations: 6843)
Completed 200 OK in 38ms (Views: 31.6ms | ActiveRecord: 1.3ms | Allocations: 8327)


Started GET "/articles/2" for ::1 at 2021-01-15 15:42:50 -0500
Processing by ArticlesController#show as HTML
  Parameters: {"id"=>"2"}
  [1m[36mArticle Load (0.2ms)[0m  [1m[34mSELECT "articles".* FROM "articles" WHERE "articles"."id" = ? LIMIT ?[0m  [["id", 2], ["LIMIT", 1]]
  ↳ app/controllers/articles_controller.rb:7:in `show'
  Rendering layout layouts/application.html.erb
  Rendering articles/show.html.erb within layouts/application
  Rendered articles/show.html.erb within layouts/application (Duration: 2.2ms | Allocations: 1137)
  Rendered layout layouts/application.html.erb (Duration: 2.9ms | Allocations: 1202)
Completed 500 Internal Server Error in 8ms (ActiveRecord: 0.2ms | Allocations: 2324)


  
ActionView::SyntaxErrorInTemplate (Encountered a syntax error while rendering template: check <h1><%= @article.title %></h1>

<p><%= @article.body %></p>

<ul>
  <li><%= link_to "Edit", edit_article_path(@article) %></li>
  <li><%= link_to "Destroy", article_path(@article), 
                  method: :delete,
                  data : { confirm: "Are you sure?"} %></li>
</ul>
):
1:    <h1><%= @article.title %></h1>
2:    
3:    <p><%= @article.body %></p>
4:    
5:    <ul>
6:      <li><%= link_to "Edit", edit_article_path(@article) %></li>
7:      <li><%= link_to "Destroy", article_path(@article), 
8:                      method: :delete,
9:                      data : { confirm: "Are you sure?"} %></li>
10:    </ul>
  
app/views/articles/show.html.erb:9: syntax error, unexpected ':', expecting =>
app/views/articles/show.html.erb:9: syntax error, unexpected ':', expecting =>
app/views/articles/show.html.erb:9: syntax error, unexpected ':', expecting =>
app/views/articles/show.html.erb:9: syntax error, unexpected ':', expecting =>
app/views/articles/show.html.erb:9: syntax error, unexpected ':', expecting =>
app/views/articles/show.html.erb:9: syntax error, unexpected ':', expecting =>
Started GET "/articles/2" for ::1 at 2021-01-15 15:43:23 -0500
Processing by ArticlesController#show as HTML
  Parameters: {"id"=>"2"}
  [1m[36mArticle Load (0.2ms)[0m  [1m[34mSELECT "articles".* FROM "articles" WHERE "articles"."id" = ? LIMIT ?[0m  [["id", 2], ["LIMIT", 1]]
  ↳ app/controllers/articles_controller.rb:7:in `show'
  Rendering layout layouts/application.html.erb
  Rendering articles/show.html.erb within layouts/application
  Rendered articles/show.html.erb within layouts/application (Duration: 1.6ms | Allocations: 255)
[Webpacker] Everything's up-to-date. Nothing to do
  Rendered layout layouts/application.html.erb (Duration: 12.3ms | Allocations: 3406)
Completed 200 OK in 21ms (Views: 15.8ms | ActiveRecord: 0.2ms | Allocations: 5031)


Started DELETE "/articles/2" for ::1 at 2021-01-15 15:43:28 -0500
Processing by ArticlesController#destroy as HTML
  Parameters: {"authenticity_token"=>"[FILTERED]", "id"=>"2"}
  [1m[36mArticle Load (0.5ms)[0m  [1m[34mSELECT "articles".* FROM "articles" WHERE "articles"."id" = ? LIMIT ?[0m  [["id", 2], ["LIMIT", 1]]
  ↳ app/controllers/articles_controller.rb:38:in `destroy'
  [1m[36mTRANSACTION (0.1ms)[0m  [1m[36mbegin transaction[0m
  ↳ app/controllers/articles_controller.rb:39:in `destroy'
  [1m[36mArticle Destroy (0.4ms)[0m  [1m[31mDELETE FROM "articles" WHERE "articles"."id" = ?[0m  [["id", 2]]
  ↳ app/controllers/articles_controller.rb:39:in `destroy'
  [1m[36mTRANSACTION (154.4ms)[0m  [1m[36mcommit transaction[0m
  ↳ app/controllers/articles_controller.rb:39:in `destroy'
Redirected to http://localhost:3000/
Completed 302 Found in 175ms (ActiveRecord: 155.4ms | Allocations: 4865)


Started GET "/" for ::1 at 2021-01-15 15:43:29 -0500
Processing by ArticlesController#index as HTML
  Rendering layout layouts/application.html.erb
  Rendering articles/index.html.erb within layouts/application
  [1m[36mArticle Load (0.4ms)[0m  [1m[34mSELECT "articles".* FROM "articles"[0m
  ↳ app/views/articles/index.html.erb:4
  Rendered articles/index.html.erb within layouts/application (Duration: 8.0ms | Allocations: 887)
[Webpacker] Everything's up-to-date. Nothing to do
  Rendered layout layouts/application.html.erb (Duration: 15.7ms | Allocations: 3859)
Completed 200 OK in 19ms (Views: 16.4ms | ActiveRecord: 0.4ms | Allocations: 4374)


Started GET "/articles/new" for ::1 at 2021-01-15 15:43:30 -0500
Processing by ArticlesController#new as HTML
  Rendering layout layouts/application.html.erb
  Rendering articles/new.html.erb within layouts/application
  Rendered articles/_form.html.erb (Duration: 3.1ms | Allocations: 985)
  Rendered articles/new.html.erb within layouts/application (Duration: 4.5ms | Allocations: 1293)
[Webpacker] Everything's up-to-date. Nothing to do
  Rendered layout layouts/application.html.erb (Duration: 14.6ms | Allocations: 4872)
Completed 200 OK in 17ms (Views: 15.6ms | ActiveRecord: 0.0ms | Allocations: 5390)


Started POST "/articles" for ::1 at 2021-01-15 15:43:34 -0500
Processing by ArticlesController#create as HTML
  Parameters: {"authenticity_token"=>"[FILTERED]", "article"=>{"title"=>"asd", "body"=>"egrhtyhrthsgdfg"}, "commit"=>"Create Article"}
  [1m[36mTRANSACTION (0.1ms)[0m  [1m[36mbegin transaction[0m
  ↳ app/controllers/articles_controller.rb:17:in `create'
  [1m[36mArticle Create (0.8ms)[0m  [1m[32mINSERT INTO "articles" ("title", "body", "created_at", "updated_at") VALUES (?, ?, ?, ?)[0m  [["title", "asd"], ["body", "egrhtyhrthsgdfg"], ["created_at", "2021-01-15 20:43:34.219445"], ["updated_at", "2021-01-15 20:43:34.219445"]]
  ↳ app/controllers/articles_controller.rb:17:in `create'
  [1m[36mTRANSACTION (165.5ms)[0m  [1m[36mcommit transaction[0m
  ↳ app/controllers/articles_controller.rb:17:in `create'
Redirected to http://localhost:3000/articles/3
Completed 302 Found in 186ms (ActiveRecord: 166.5ms | Allocations: 4807)


Started GET "/articles/3" for ::1 at 2021-01-15 15:43:34 -0500
Processing by ArticlesController#show as HTML
  Parameters: {"id"=>"3"}
  [1m[36mArticle Load (0.4ms)[0m  [1m[34mSELECT "articles".* FROM "articles" WHERE "articles"."id" = ? LIMIT ?[0m  [["id", 3], ["LIMIT", 1]]
  ↳ app/controllers/articles_controller.rb:7:in `show'
  Rendering layout layouts/application.html.erb
  Rendering articles/show.html.erb within layouts/application
  Rendered articles/show.html.erb within layouts/application (Duration: 0.7ms | Allocations: 110)
[Webpacker] Everything's up-to-date. Nothing to do
  Rendered layout layouts/application.html.erb (Duration: 6.0ms | Allocations: 3077)
Completed 200 OK in 13ms (Views: 6.9ms | ActiveRecord: 0.4ms | Allocations: 3992)


